app/build/intermediates/manifest_merge_blame_file/debug/manifest-merger-blame-debug-report.txt
1<?xml version="1.0" encoding="utf-8"?>
2<manifest xmlns:android="http://schemas.android.com/apk/res/android"
3    package="com.davidkahan.stackexchange"
4    android:versionCode="1"
5    android:versionName="1.0" >
6
7    <uses-sdk
8        android:minSdkVersion="21"
8-->src/main/AndroidManifest.xml
9        android:targetSdkVersion="30" />
9-->src/main/AndroidManifest.xml
10
11    <uses-permission android:name="android.permission.INTERNET" />
11-->src/main/AndroidManifest.xml:5:5-67
11-->src/main/AndroidManifest.xml:5:22-64
12    <uses-permission android:name="android.permission.ACCESS_NETWORK_STATE" />
12-->src/main/AndroidManifest.xml:6:5-79
12-->src/main/AndroidManifest.xml:6:22-76
13
14    <application
14-->src/main/AndroidManifest.xml:8:5-23:19
15        android:allowBackup="true"
15-->src/main/AndroidManifest.xml:9:9-35
16        android:appComponentFactory="androidx.core.app.CoreComponentFactory"
16-->[androidx.core:core:1.3.2] AndroidManifest.xml:24:18-86
17        android:debuggable="true"
18        android:icon="@mipmap/ic_launcher"
18-->src/main/AndroidManifest.xml:10:9-43
19        android:label="@string/app_name"
19-->src/main/AndroidManifest.xml:11:9-41
20        android:roundIcon="@mipmap/ic_launcher_round"
20-->src/main/AndroidManifest.xml:12:9-54
21        android:supportsRtl="true"
21-->src/main/AndroidManifest.xml:13:9-35
22        android:testOnly="true"
23        android:theme="@style/AppTheme" >
23-->src/main/AndroidManifest.xml:14:9-40
24        <activity
24-->src/main/AndroidManifest.xml:15:9-116
25            android:name="com.davidkahan.stackexchange.ui.question.QuestionActivity"
25-->src/main/AndroidManifest.xml:15:19-63
26            android:parentActivityName="com.davidkahan.stackexchange.ui.main.MainActivity" />
26-->src/main/AndroidManifest.xml:15:64-114
27        <activity android:name="com.davidkahan.stackexchange.ui.main.MainActivity" >
27-->src/main/AndroidManifest.xml:16:9-22:20
27-->src/main/AndroidManifest.xml:16:19-55
28            <intent-filter>
28-->src/main/AndroidManifest.xml:17:13-21:29
29                <action android:name="android.intent.action.MAIN" />
29-->src/main/AndroidManifest.xml:18:17-69
29-->src/main/AndroidManifest.xml:18:25-66
30
31                <category android:name="android.intent.category.LAUNCHER" />
31-->src/main/AndroidManifest.xml:20:17-77
31-->src/main/AndroidManifest.xml:20:27-74
32            </intent-filter>
33        </activity>
34
35        <service
35-->[androidx.room:room-runtime:2.3.0-alpha02] AndroidManifest.xml:25:9-28:40
36            android:name="androidx.room.MultiInstanceInvalidationService"
36-->[androidx.room:room-runtime:2.3.0-alpha02] AndroidManifest.xml:26:13-74
37            android:directBootAware="true"
37-->[androidx.room:room-runtime:2.3.0-alpha02] AndroidManifest.xml:27:13-43
38            android:exported="false" />
38-->[androidx.room:room-runtime:2.3.0-alpha02] AndroidManifest.xml:28:13-37
39
40        <provider
40-->[androidx.lifecycle:lifecycle-process:2.2.0] AndroidManifest.xml:25:9-29:43
41            android:name="androidx.lifecycle.ProcessLifecycleOwnerInitializer"
41-->[androidx.lifecycle:lifecycle-process:2.2.0] AndroidManifest.xml:26:13-79
42            android:authorities="com.davidkahan.stackexchange.lifecycle-process"
42-->[androidx.lifecycle:lifecycle-process:2.2.0] AndroidManifest.xml:27:13-69
43            android:exported="false"
43-->[androidx.lifecycle:lifecycle-process:2.2.0] AndroidManifest.xml:28:13-37
44            android:multiprocess="true" />
44-->[androidx.lifecycle:lifecycle-process:2.2.0] AndroidManifest.xml:29:13-40
45    </application>
46
47</manifest>